[INFO]2017-02-18 21:58:39 [CompanyController::index] : 函数处理开始
[INFO]2017-02-18 21:59:39 [CompanyController::index] : 函数处理开始
[INFO]2017-02-18 22:06:59 [TripController::index] : 函数处理开始
[INFO]2017-02-18 22:07:24 [TripController::index] : 函数处理开始
[INFO]2017-02-18 22:08:45 [TripController::index] : 函数处理开始
[INFO]2017-02-18 22:08:45 [TripController::index] : 函数处理结束
[INFO]2017-02-18 22:10:07 [TripController::index] : 函数处理开始
[INFO]2017-02-18 22:10:07 [TripController::index] : 函数处理结束
[INFO]2017-02-18 22:10:39 [TripController::index] : 函数处理开始
[INFO]2017-02-18 22:10:39 [TripController::index] : 函数处理结束
[INFO]2017-02-18 22:11:29 [TripController::index] : 函数处理开始
[INFO]2017-02-18 22:11:29 [TripController::index] : 函数处理结束
[INFO]2017-02-18 22:12:40 [TripController::index] : 函数处理开始
[INFO]2017-02-18 22:12:40 [TripController::index] : 函数处理结束
[INFO]2017-02-18 22:12:42 [TripController::index] : 函数处理开始
[INFO]2017-02-18 22:12:42 [TripController::index] : 函数处理结束
[INFO]2017-02-18 22:12:55 [TripController::index] : 函数处理开始
[INFO]2017-02-18 22:12:55 [TripController::index] : 函数处理结束
[INFO]2017-02-18 22:14:27 [TripController::index] : 函数处理开始
[INFO]2017-02-18 22:14:27 [TripController::index] : 函数处理结束
[INFO]2017-02-18 22:14:29 [TripController::add] : 函数处理开始
[INFO]2017-02-18 22:14:29 [TripController::add] : 函数处理结束
[INFO]2017-02-18 22:18:16 [TripController::add] : 函数处理开始
[INFO]2017-02-18 22:18:16 [TripController::add] : 函数处理结束
[INFO]2017-02-18 22:18:41 [TripController::add] : 函数处理开始
[INFO]2017-02-18 22:18:41 [TripController::add] : 函数处理结束
[INFO]2017-02-18 22:19:25 [TripController::add] : 函数处理开始
[INFO]2017-02-18 22:19:25 [TripController::add] : 函数处理结束
[INFO]2017-02-18 22:19:58 [TripController::add] : 函数处理开始
[INFO]2017-02-18 22:19:58 [TripController::add] : 函数处理结束
[INFO]2017-02-18 22:20:08 [TripController::index] : 函数处理开始
[INFO]2017-02-18 22:20:08 [TripController::index] : 函数处理结束
[INFO]2017-02-18 22:22:13 [TripController::edit] : 函数处理开始
[INFO]2017-02-18 22:22:34 [TripController::edit] : 函数处理开始
[INFO]2017-02-18 22:22:34 [TripController::edit] : 函数处理结束
[INFO]2017-02-18 22:23:21 [TripController::edit] : 函数处理开始
[INFO]2017-02-18 22:23:21 [TripController::edit] : 函数处理结束
[INFO]2017-02-18 22:23:30 [TripController::edit] : 函数处理开始
[INFO]2017-02-18 22:23:30 [TripController::edit] : 函数处理结束
[INFO]2017-02-18 22:24:09 [TripController::edit] : 函数处理开始
[INFO]2017-02-18 22:24:09 [TripController::edit] : 函数处理结束
[INFO]2017-02-18 22:24:18 [TripController::save] : 函数处理开始
[INFO]2017-02-18 22:24:18 [TripController::save] : 修改航空公司（）
[INFO]2017-02-18 22:24:18 [TripController::save] : 函数处理结束
[INFO]2017-02-18 22:24:20 [TripController::index] : 函数处理开始
[INFO]2017-02-18 22:24:20 [TripController::index] : 函数处理结束
[INFO]2017-02-18 22:25:01 [TripController::edit] : 函数处理开始
[INFO]2017-02-18 22:25:01 [TripController::edit] : 函数处理结束
[INFO]2017-02-18 22:25:02 [TripController::save] : 函数处理开始
[INFO]2017-02-18 22:25:02 [TripController::save] : 修改航空公司（）
[INFO]2017-02-18 22:25:02 [TripController::save] : 函数处理结束
[INFO]2017-02-18 22:25:04 [TripController::index] : 函数处理开始
[INFO]2017-02-18 22:25:04 [TripController::index] : 函数处理结束
[INFO]2017-02-18 22:25:35 [TripController::edit] : 函数处理开始
[INFO]2017-02-18 22:25:35 [TripController::edit] : 函数处理结束
[INFO]2017-02-18 22:25:36 [TripController::save] : 函数处理开始
[INFO]2017-02-18 22:25:36 [TripController::save] : 修改航空公司（）
[INFO]2017-02-18 22:25:36 [TripController::save] : 函数处理结束
[INFO]2017-02-18 22:25:59 [TripController::index] : 函数处理开始
[INFO]2017-02-18 22:25:59 [TripController::index] : 函数处理结束
[INFO]2017-02-18 22:27:01 [TripController::edit] : 函数处理开始
[INFO]2017-02-18 22:27:01 [TripController::edit] : 函数处理结束
[INFO]2017-02-18 22:27:03 [TripController::save] : 函数处理开始
[INFO]2017-02-18 22:27:03 [TripController::save] : 修改航空公司（）
[INFO]2017-02-18 22:27:03 [TripController::save] : 函数处理结束
[INFO]2017-02-18 22:27:04 [TripController::index] : 函数处理开始
[INFO]2017-02-18 22:27:04 [TripController::index] : 函数处理结束
[INFO]2017-02-18 22:27:06 [TripController::edit] : 函数处理开始
[INFO]2017-02-18 22:27:06 [TripController::edit] : 函数处理结束
[INFO]2017-02-18 22:27:08 [TripController::save] : 函数处理开始
[INFO]2017-02-18 22:27:08 [TripController::save] : 修改航空公司（）
[INFO]2017-02-18 22:27:08 [TripController::save] : 函数处理结束
[INFO]2017-02-18 22:27:28 [TripController::index] : 函数处理开始
[INFO]2017-02-18 22:27:28 [TripController::index] : 函数处理结束
[INFO]2017-02-18 22:27:29 [TripController::edit] : 函数处理开始
[INFO]2017-02-18 22:27:29 [TripController::edit] : 函数处理结束
[INFO]2017-02-18 22:27:31 [TripController::save] : 函数处理开始
[INFO]2017-02-18 22:27:31 [TripController::save] : 修改航空公司（）
[INFO]2017-02-18 22:27:31 [TripController::save] : 函数处理结束
[INFO]2017-02-18 22:27:33 [TripController::index] : 函数处理开始
[INFO]2017-02-18 22:27:33 [TripController::index] : 函数处理结束
[INFO]2017-02-26 15:34:14 [AirportController::index] : 函数处理开始
[INFO]2017-02-26 15:34:14 [AirportController::index] : 函数处理结束
[INFO]2017-02-26 15:34:16 [AirportController::add] : 函数处理开始
[INFO]2017-02-26 15:34:16 [AirportController::add] : 函数处理结束
[INFO]2017-02-26 15:34:18 [AirportController::index] : 函数处理开始
[INFO]2017-02-26 15:34:18 [AirportController::index] : 函数处理结束
[INFO]2017-02-26 15:34:21 [AirportController::add] : 函数处理开始
[INFO]2017-02-26 15:34:21 [AirportController::add] : 函数处理结束
[INFO]2017-02-26 15:37:09 [AirportController::add] : 函数处理开始
[INFO]2017-02-26 15:37:09 [AirportController::add] : 新增航空公司（三亚凤凰国际机场）
[INFO]2017-02-26 15:37:09 [AirportController::add] : 函数处理结束
[INFO]2017-02-26 15:37:11 [AirportController::index] : 函数处理开始
[INFO]2017-02-26 15:37:11 [AirportController::index] : 函数处理结束
[INFO]2017-02-26 15:37:47 [TerminalController::index] : 函数处理开始
[INFO]2017-02-26 15:37:47 [TerminalController::index] : 函数处理结束
[INFO]2017-02-26 15:37:49 [TerminalController::add] : 函数处理开始
[INFO]2017-02-26 15:37:49 [TerminalController::add] : 函数处理结束
[INFO]2017-02-26 15:38:15 [TerminalController::add] : 函数处理开始
[INFO]2017-02-26 15:38:15 [TerminalController::add] : 新增航空公司（一号航站楼）
[INFO]2017-02-26 15:38:15 [TerminalController::add] : 函数处理结束
[INFO]2017-02-26 15:38:17 [TerminalController::index] : 函数处理开始
[INFO]2017-02-26 15:38:17 [TerminalController::index] : 函数处理结束
[INFO]2017-02-26 15:38:18 [TerminalController::add] : 函数处理开始
[INFO]2017-02-26 15:38:18 [TerminalController::add] : 函数处理结束
[INFO]2017-02-26 15:38:39 [TerminalController::add] : 函数处理开始
[INFO]2017-02-26 15:38:39 [TerminalController::add] : 新增航空公司（二号航站楼）
[INFO]2017-02-26 15:38:39 [TerminalController::add] : 函数处理结束
[INFO]2017-02-26 15:38:41 [TerminalController::index] : 函数处理开始
[INFO]2017-02-26 15:38:41 [TerminalController::index] : 函数处理结束
[INFO]2017-02-26 15:43:17 [CompanyController::index] : 函数处理开始
[INFO]2017-02-26 15:44:43 [CompanyController::index] : 函数处理开始
[INFO]2017-02-26 15:44:43 [CompanyController::index] : 函数处理结束
[INFO]2017-02-26 15:44:49 [CompanyController::edit] : 函数处理开始
[INFO]2017-02-26 15:44:49 [CompanyController::edit] : 函数处理结束
[INFO]2017-02-26 15:44:55 [CompanyController::index] : 函数处理开始
[INFO]2017-02-26 15:44:55 [CompanyController::index] : 函数处理结束
[INFO]2017-02-26 15:46:14 [CompanyController::add] : 函数处理开始
[INFO]2017-02-26 15:46:14 [CompanyController::add] : 函数处理结束
[INFO]2017-02-26 15:46:17 [CompanyController::index] : 函数处理开始
[INFO]2017-02-26 15:46:17 [CompanyController::index] : 函数处理结束
[INFO]2017-02-26 15:46:19 [CompanyController::edit] : 函数处理开始
[INFO]2017-02-26 15:46:19 [CompanyController::edit] : 函数处理结束
[INFO]2017-02-26 15:47:04 [CompanyController::save] : 函数处理开始
[INFO]2017-02-26 15:47:05 [CompanyController::save] : 修改航空公司（吉祥航空）
[INFO]2017-02-26 15:47:05 [CompanyController::save] : 函数处理结束
[INFO]2017-02-26 15:47:06 [CompanyController::index] : 函数处理开始
[INFO]2017-02-26 15:47:06 [CompanyController::index] : 函数处理结束
[INFO]2017-02-26 15:47:21 [AirportController::index] : 函数处理开始
[INFO]2017-02-26 15:47:21 [AirportController::index] : 函数处理结束
[INFO]2017-02-26 15:47:34 [TerminalController::index] : 函数处理开始
[INFO]2017-02-26 15:47:34 [TerminalController::index] : 函数处理结束
[INFO]2017-02-26 15:47:44 [TerminalController::edit] : 函数处理开始
[INFO]2017-02-26 15:47:44 [TerminalController::edit] : 函数处理结束
[INFO]2017-02-26 15:47:47 [TerminalController::save] : 函数处理开始
[INFO]2017-02-26 15:47:47 [TerminalController::save] : 修改航空公司（T1航站楼）
[INFO]2017-02-26 15:47:47 [TerminalController::save] : 函数处理结束
[INFO]2017-02-26 15:47:48 [TerminalController::index] : 函数处理开始
[INFO]2017-02-26 15:47:48 [TerminalController::index] : 函数处理结束
[INFO]2017-02-26 15:47:50 [TerminalController::edit] : 函数处理开始
[INFO]2017-02-26 15:47:50 [TerminalController::edit] : 函数处理结束
[INFO]2017-02-26 15:47:54 [TerminalController::save] : 函数处理开始
[INFO]2017-02-26 15:47:54 [TerminalController::save] : 修改航空公司（T2航站楼）
[INFO]2017-02-26 15:47:54 [TerminalController::save] : 函数处理结束
[INFO]2017-02-26 15:47:55 [TerminalController::index] : 函数处理开始
[INFO]2017-02-26 15:47:55 [TerminalController::index] : 函数处理结束
[INFO]2017-02-26 15:48:00 [TripController::index] : 函数处理开始
[INFO]2017-02-26 15:48:00 [TripController::index] : 函数处理结束
[INFO]2017-02-26 15:48:15 [TripController::add] : 函数处理开始
[INFO]2017-02-26 15:48:15 [TripController::add] : 函数处理结束
[INFO]2017-02-26 15:51:37 [CompanyController::index] : 函数处理开始
[INFO]2017-02-26 15:51:37 [CompanyController::index] : 函数处理结束
[INFO]2017-02-26 15:51:39 [AircraftController::index] : 函数处理开始
[INFO]2017-02-26 15:51:39 [AircraftController::index] : 函数处理结束
[INFO]2017-02-26 15:51:39 [RegisterController::index] : 函数处理开始
[INFO]2017-02-26 15:51:39 [RegisterController::index] : 函数处理结束
[INFO]2017-02-26 15:52:02 [FlightController::index] : 函数处理开始
[INFO]2017-02-26 15:52:41 [FlightController::index] : 函数处理开始
[INFO]2017-02-26 15:52:41 [FlightController::index] : 函数处理结束
[INFO]2017-02-26 15:53:07 [FlightController::index] : 函数处理开始
[INFO]2017-02-26 15:53:07 [FlightController::index] : 函数处理结束
[INFO]2017-02-26 15:54:29 [FlightController::index] : 函数处理开始
[INFO]2017-02-26 15:54:29 [FlightController::index] : 函数处理结束
[INFO]2017-02-26 15:55:33 [FlightController::index] : 函数处理开始
[INFO]2017-02-26 15:56:29 [FlightController::index] : 函数处理开始
[INFO]2017-02-26 15:57:48 [FlightController::index] : 函数处理开始
[INFO]2017-02-26 15:57:48 [FlightController::index] : 函数处理结束
[INFO]2017-02-26 16:00:10 [FlightController::index] : 函数处理开始
[INFO]2017-02-26 16:00:10 [FlightController::index] : 函数处理结束
[INFO]2017-02-26 16:00:22 [FlightController::index] : 函数处理开始
[INFO]2017-02-26 16:00:22 [FlightController::index] : 函数处理结束
[INFO]2017-02-26 16:00:36 [FlightController::index] : 函数处理开始
[INFO]2017-02-26 16:00:36 [FlightController::index] : 函数处理结束
[INFO]2017-02-26 16:00:54 [FlightController::index] : 函数处理开始
[INFO]2017-02-26 16:00:54 [FlightController::index] : 函数处理结束
[INFO]2017-02-26 16:01:06 [FlightController::index] : 函数处理开始
[INFO]2017-02-26 16:01:06 [FlightController::index] : 函数处理结束
[INFO]2017-02-26 16:02:57 [FlightController::index] : 函数处理开始
[INFO]2017-02-26 16:02:57 [FlightController::index] : 函数处理结束
[INFO]2017-02-26 16:04:52 [FlightController::index] : 函数处理开始
[INFO]2017-02-26 16:04:52 [FlightController::index] : 函数处理结束
[INFO]2017-02-26 16:05:54 [FlightController::index] : 函数处理开始
[INFO]2017-02-26 16:05:54 [FlightController::index] : 函数处理结束
[INFO]2017-02-26 16:06:21 [FlightController::index] : 函数处理开始
[INFO]2017-02-26 16:06:21 [FlightController::index] : 函数处理结束
[INFO]2017-02-26 16:06:57 [FlightController::index] : 函数处理开始
[INFO]2017-02-26 16:06:57 [FlightController::index] : 函数处理结束
[INFO]2017-02-26 16:06:59 [FlightController::edit] : 函数处理开始
[INFO]2017-02-26 16:06:59 [FlightController::edit] : 函数处理结束
[INFO]2017-02-26 16:07:02 [CompanyController::index] : 函数处理开始
[INFO]2017-02-26 16:07:02 [CompanyController::index] : 函数处理结束
[INFO]2017-02-26 16:07:06 [FlightController::index] : 函数处理开始
[INFO]2017-02-26 16:07:06 [FlightController::index] : 函数处理结束
[INFO]2017-02-26 16:07:08 [FlightController::edit] : 函数处理开始
[INFO]2017-02-26 16:07:08 [FlightController::edit] : 函数处理结束
[INFO]2017-02-26 16:08:11 [FlightController::edit] : 函数处理开始
[INFO]2017-02-26 16:08:11 [FlightController::edit] : 函数处理结束
[INFO]2017-02-26 16:08:44 [FlightController::edit] : 函数处理开始
[INFO]2017-02-26 16:08:44 [FlightController::edit] : 函数处理结束
[INFO]2017-02-26 16:08:54 [FlightController::edit] : 函数处理开始
[INFO]2017-02-26 16:08:54 [FlightController::edit] : 函数处理结束
[INFO]2017-02-26 16:09:20 [FlightController::edit] : 函数处理开始
[INFO]2017-02-26 16:09:20 [FlightController::edit] : 函数处理结束
[INFO]2017-02-26 16:09:58 [FlightController::edit] : 函数处理开始
[INFO]2017-02-26 16:09:58 [FlightController::edit] : 函数处理结束
[INFO]2017-02-26 16:10:20 [FlightController::edit] : 函数处理开始
[INFO]2017-02-26 16:10:20 [FlightController::edit] : 函数处理结束
[INFO]2017-02-26 16:10:33 [FlightController::edit] : 函数处理开始
[INFO]2017-02-26 16:10:33 [FlightController::edit] : 函数处理结束
[INFO]2017-02-26 16:10:53 [FlightController::edit] : 函数处理开始
[INFO]2017-02-26 16:10:53 [FlightController::edit] : 函数处理结束
[INFO]2017-02-26 16:11:30 [FlightController::edit] : 函数处理开始
[INFO]2017-02-26 16:11:30 [FlightController::edit] : 函数处理结束
[INFO]2017-02-26 16:12:09 [FlightController::edit] : 函数处理开始
[INFO]2017-02-26 16:12:09 [FlightController::edit] : 函数处理结束
[INFO]2017-02-26 16:12:11 [FlightController::edit] : 函数处理开始
[INFO]2017-02-26 16:12:11 [FlightController::edit] : 函数处理结束
[INFO]2017-02-26 16:14:12 [FlightController::edit] : 函数处理开始
[INFO]2017-02-26 16:14:12 [FlightController::edit] : 函数处理结束
[INFO]2017-02-26 16:15:16 [FlightController::edit] : 函数处理开始
[INFO]2017-02-26 16:15:16 [FlightController::edit] : 函数处理结束
[INFO]2017-02-26 16:15:32 [FlightController::edit] : 函数处理开始
[INFO]2017-02-26 16:15:32 [FlightController::edit] : 函数处理结束
[INFO]2017-02-26 16:16:04 [FlightController::edit] : 函数处理开始
[INFO]2017-02-26 16:16:04 [FlightController::edit] : 函数处理结束
[INFO]2017-02-26 16:16:38 [FlightController::edit] : 函数处理开始
[INFO]2017-02-26 16:16:38 [FlightController::edit] : 函数处理结束
[INFO]2017-02-26 16:17:04 [FlightController::edit] : 函数处理开始
[INFO]2017-02-26 16:17:04 [FlightController::edit] : 函数处理结束
[INFO]2017-02-26 16:17:47 [FlightController::edit] : 函数处理开始
[INFO]2017-02-26 16:17:47 [FlightController::edit] : 函数处理结束
[INFO]2017-02-26 16:18:03 [FlightController::edit] : 函数处理开始
[INFO]2017-02-26 16:18:03 [FlightController::edit] : 函数处理结束
[INFO]2017-02-26 16:18:23 [FlightController::edit] : 函数处理开始
[INFO]2017-02-26 16:18:23 [FlightController::edit] : 函数处理结束
[INFO]2017-02-26 16:19:04 [FlightController::edit] : 函数处理开始
[INFO]2017-02-26 16:19:04 [FlightController::edit] : 函数处理结束
[INFO]2017-02-26 16:19:16 [FlightController::edit] : 函数处理开始
[INFO]2017-02-26 16:19:17 [FlightController::edit] : 函数处理结束
[INFO]2017-02-26 16:19:42 [FlightController::edit] : 函数处理开始
[INFO]2017-02-26 16:19:42 [FlightController::edit] : 函数处理结束
[INFO]2017-02-26 16:21:01 [FlightController::edit] : 函数处理开始
[INFO]2017-02-26 16:21:01 [FlightController::edit] : 函数处理结束
[INFO]2017-02-26 16:21:10 [FlightController::edit] : 函数处理开始
[INFO]2017-02-26 16:21:10 [FlightController::edit] : 函数处理结束
[INFO]2017-02-26 16:21:38 [FlightController::edit] : 函数处理开始
[INFO]2017-02-26 16:21:38 [FlightController::edit] : 函数处理结束
[INFO]2017-02-26 16:22:59 [FlightController::edit] : 函数处理开始
[INFO]2017-02-26 16:22:59 [FlightController::edit] : 函数处理结束
[INFO]2017-02-26 16:24:29 [FlightController::edit] : 函数处理开始
[INFO]2017-02-26 16:24:29 [FlightController::edit] : 函数处理结束
[INFO]2017-02-26 16:25:34 [FlightController::edit] : 函数处理开始
[INFO]2017-02-26 16:25:34 [FlightController::edit] : 函数处理结束
[INFO]2017-02-26 16:26:39 [FlightController::edit] : 函数处理开始
[INFO]2017-02-26 16:26:39 [FlightController::edit] : 函数处理结束
[INFO]2017-02-26 16:27:23 [FlightController::edit] : 函数处理开始
[INFO]2017-02-26 16:27:36 [FlightController::edit] : 函数处理开始
[INFO]2017-02-26 16:27:36 [FlightController::edit] : 函数处理结束
[INFO]2017-02-26 16:28:03 [FlightController::edit] : 函数处理开始
[INFO]2017-02-26 16:28:03 [FlightController::edit] : 函数处理结束
[INFO]2017-02-26 16:29:56 [FlightController::edit] : 函数处理开始
[INFO]2017-02-26 16:29:56 [FlightController::edit] : 函数处理结束
[INFO]2017-02-26 16:31:16 [FlightController::edit] : 函数处理开始
[INFO]2017-02-26 16:31:16 [FlightController::edit] : 函数处理结束
[INFO]2017-02-26 16:31:50 [FlightController::edit] : 函数处理开始
[INFO]2017-02-26 16:31:50 [FlightController::edit] : 函数处理结束
[INFO]2017-02-26 16:32:00 [FlightController::edit] : 函数处理开始
[INFO]2017-02-26 16:32:00 [FlightController::edit] : 函数处理结束
[INFO]2017-02-26 16:32:12 [CompanyController::save] : 函数处理开始
[INFO]2017-02-26 16:32:12 [CompanyController::save] : 函数处理结束
[INFO]2017-02-26 16:32:19 [CompanyController::index] : 函数处理开始
[INFO]2017-02-26 16:32:19 [CompanyController::index] : 函数处理结束
[INFO]2017-02-26 16:32:36 [FlightController::index] : 函数处理开始
[INFO]2017-02-26 16:32:36 [FlightController::index] : 函数处理结束
[INFO]2017-02-26 16:32:38 [FlightController::edit] : 函数处理开始
[INFO]2017-02-26 16:32:38 [FlightController::edit] : 函数处理结束
[INFO]2017-02-26 16:58:44 [FlightController::index] : 函数处理开始
[INFO]2017-02-26 16:58:44 [FlightController::index] : 函数处理结束
[INFO]2017-02-26 16:58:46 [FlightController::edit] : 函数处理开始
[INFO]2017-02-26 16:58:46 [FlightController::edit] : 函数处理结束
[INFO]2017-02-26 16:58:50 [FlightController::save] : 函数处理开始
[INFO]2017-02-26 16:58:50 [FlightController::save] : 
[INFO]2017-02-26 16:58:50 [FlightController::save] : 函数处理结束
[INFO]2017-02-26 17:00:18 [FlightController::save] : 函数处理开始
[INFO]2017-02-26 17:00:18 [FlightController::save] : 
[INFO]2017-02-26 17:00:18 [FlightController::save] : 函数处理结束
[INFO]2017-02-26 17:00:23 [FlightController::index] : 函数处理开始
[INFO]2017-02-26 17:00:23 [FlightController::index] : 函数处理结束
[INFO]2017-02-26 17:00:25 [FlightController::edit] : 函数处理开始
[INFO]2017-02-26 17:00:25 [FlightController::edit] : 函数处理结束
[INFO]2017-02-26 17:00:51 [FlightController::edit] : 函数处理开始
[INFO]2017-02-26 17:00:51 [FlightController::edit] : 函数处理结束
[INFO]2017-02-26 17:01:03 [FlightController::save] : 函数处理开始
[INFO]2017-02-26 17:01:03 [FlightController::save] : 
[INFO]2017-02-26 17:01:03 [FlightController::save] : 函数处理结束
[INFO]2017-02-26 17:02:08 [CompanyController::index] : 函数处理开始
[INFO]2017-02-26 17:02:08 [CompanyController::index] : 函数处理结束
[INFO]2017-02-26 17:02:10 [FlightController::index] : 函数处理开始
[INFO]2017-02-26 17:02:10 [FlightController::index] : 函数处理结束
[INFO]2017-02-26 17:02:11 [FlightController::edit] : 函数处理开始
[INFO]2017-02-26 17:02:11 [FlightController::edit] : 函数处理结束
[INFO]2017-02-26 17:02:16 [FlightController::save] : 函数处理开始
[INFO]2017-02-26 17:02:16 [FlightController::save] : 
[INFO]2017-02-26 17:02:16 [FlightController::save] : 函数处理结束
[INFO]2017-02-26 17:04:46 [FlightController::index] : 函数处理开始
[INFO]2017-02-26 17:04:46 [FlightController::index] : 函数处理结束
[INFO]2017-02-26 17:04:54 [FlightController::save] : 函数处理开始
[INFO]2017-02-26 17:06:00 [FlightController::index] : 函数处理开始
[INFO]2017-02-26 17:06:00 [FlightController::index] : 函数处理结束
[INFO]2017-02-26 17:06:02 [FlightController::save] : 函数处理开始
[INFO]2017-02-26 17:06:19 [FlightController::save] : 函数处理开始
[INFO]2017-02-26 17:06:36 [FlightController::save] : 函数处理开始
[INFO]2017-02-26 17:06:40 [FlightController::save] : 函数处理开始
[INFO]2017-02-26 17:06:41 [FlightController::index] : 函数处理开始
[INFO]2017-02-26 17:06:41 [FlightController::index] : 函数处理结束
[INFO]2017-02-26 17:07:04 [FlightController::save] : 函数处理开始
[INFO]2017-02-26 17:07:34 [AirportController::index] : 函数处理开始
[INFO]2017-02-26 17:07:34 [AirportController::index] : 函数处理结束
[INFO]2017-02-26 17:07:40 [AirportController::edit] : 函数处理开始
[INFO]2017-02-26 17:07:40 [AirportController::edit] : 函数处理结束
[INFO]2017-02-26 17:09:47 [AirportController::save] : 函数处理开始
[INFO]2017-02-26 17:09:47 [AirportController::save] : 修改航空公司（东京成田国际机场）
[INFO]2017-02-26 17:09:47 [AirportController::save] : 函数处理结束
[INFO]2017-02-26 17:09:49 [AirportController::index] : 函数处理开始
[INFO]2017-02-26 17:09:49 [AirportController::index] : 函数处理结束
[INFO]2017-02-26 17:09:55 [FlightController::index] : 函数处理开始
[INFO]2017-02-26 17:09:55 [FlightController::index] : 函数处理结束
[INFO]2017-02-26 17:10:03 [FlightController::save] : 函数处理开始
[INFO]2017-02-26 17:10:05 [FlightController::index] : 函数处理开始
[INFO]2017-02-26 17:10:05 [FlightController::index] : 函数处理结束
[INFO]2017-02-26 17:10:19 [TerminalController::index] : 函数处理开始
[INFO]2017-02-26 17:10:19 [TerminalController::index] : 函数处理结束
[INFO]2017-02-26 17:10:20 [TerminalController::index] : 函数处理开始
[INFO]2017-02-26 17:10:20 [TerminalController::index] : 函数处理结束
[INFO]2017-02-26 17:10:24 [TerminalController::edit] : 函数处理开始
[INFO]2017-02-26 17:10:24 [TerminalController::edit] : 函数处理结束
[INFO]2017-02-26 17:10:25 [TerminalController::save] : 函数处理开始
[INFO]2017-02-26 17:10:26 [TerminalController::save] : 修改航空公司（T2航站楼）
[INFO]2017-02-26 17:10:26 [TerminalController::save] : 函数处理结束
[INFO]2017-02-26 17:10:27 [TerminalController::index] : 函数处理开始
[INFO]2017-02-26 17:10:27 [TerminalController::index] : 函数处理结束
[INFO]2017-02-26 17:10:28 [FlightController::index] : 函数处理开始
[INFO]2017-02-26 17:10:28 [FlightController::index] : 函数处理结束
[INFO]2017-02-26 17:10:32 [FlightController::save] : 函数处理开始
[INFO]2017-02-26 17:10:33 [FlightController::index] : 函数处理开始
[INFO]2017-02-26 17:10:33 [FlightController::index] : 函数处理结束
[INFO]2017-02-26 17:11:06 [FlightController::index] : 函数处理开始
[INFO]2017-02-26 17:11:06 [FlightController::index] : 函数处理结束
[INFO]2017-02-26 17:11:07 [FlightController::index] : 函数处理开始
[INFO]2017-02-26 17:11:07 [FlightController::index] : 函数处理结束
[INFO]2017-02-26 17:16:04 [FlightController::index] : 函数处理开始
[INFO]2017-02-26 17:16:04 [FlightController::index] : 函数处理结束
[INFO]2017-02-26 17:16:14 [FlightController::index] : 函数处理开始
[INFO]2017-02-26 17:16:14 [FlightController::index] : 函数处理结束
[INFO]2017-02-26 17:17:27 [FlightController::index] : 函数处理开始
[INFO]2017-02-26 17:17:27 [FlightController::index] : 函数处理结束
[INFO]2017-02-26 17:17:32 [CompanyController::index] : 函数处理开始
[INFO]2017-02-26 17:17:32 [CompanyController::index] : 函数处理结束
[INFO]2017-02-26 17:17:56 [FlightController::index] : 函数处理开始
[INFO]2017-02-26 17:17:56 [FlightController::index] : 函数处理结束
[INFO]2017-02-26 17:18:17 [FlightController::index] : 函数处理开始
[INFO]2017-02-26 17:18:17 [FlightController::index] : 函数处理结束
[INFO]2017-02-26 17:20:26 [FlightController::index] : 函数处理开始
[INFO]2017-02-26 17:20:26 [FlightController::index] : 函数处理结束
[INFO]2017-02-26 17:21:19 [FlightController::index] : 函数处理开始
[INFO]2017-02-26 17:21:19 [FlightController::index] : 函数处理结束
[INFO]2017-02-26 17:21:42 [FlightController::index] : 函数处理开始
[INFO]2017-02-26 17:21:42 [FlightController::index] : 函数处理结束
[INFO]2017-02-26 17:22:10 [FlightController::index] : 函数处理开始
[INFO]2017-02-26 17:22:11 [FlightController::index] : 函数处理结束
[INFO]2017-02-26 17:23:39 [FlightController::index] : 函数处理开始
[INFO]2017-02-26 17:23:39 [FlightController::index] : 函数处理结束
[INFO]2017-02-26 17:23:58 [RegisterController::index] : 函数处理开始
[INFO]2017-02-26 17:23:59 [RegisterController::index] : 函数处理结束
[INFO]2017-02-26 17:24:07 [AirportController::index] : 函数处理开始
[INFO]2017-02-26 17:24:07 [AirportController::index] : 函数处理结束
[INFO]2017-02-26 17:25:49 [AirportController::index] : 函数处理开始
[INFO]2017-02-26 17:25:49 [AirportController::index] : 函数处理结束
[INFO]2017-02-26 17:25:59 [AirportController::index] : 函数处理开始
[INFO]2017-02-26 17:25:59 [AirportController::index] : 函数处理结束
[INFO]2017-02-26 17:26:29 [FlightController::index] : 函数处理开始
[INFO]2017-02-26 17:26:29 [FlightController::index] : 函数处理结束
[INFO]2017-02-26 17:27:49 [FlightController::index] : 函数处理开始
[INFO]2017-02-26 17:27:49 [FlightController::index] : 函数处理结束
[INFO]2017-02-26 17:27:51 [FlightController::index] : 函数处理开始
[INFO]2017-02-26 17:27:51 [FlightController::index] : 函数处理结束
[INFO]2017-02-26 17:37:52 [RegisterController::index] : 函数处理开始
[INFO]2017-02-26 17:37:52 [RegisterController::index] : 函数处理结束
[INFO]2017-02-26 17:37:54 [RegisterController::add] : 函数处理开始
[INFO]2017-02-26 17:37:54 [RegisterController::add] : 函数处理结束
[INFO]2017-02-26 17:39:22 [RegisterController::add] : 函数处理开始
[INFO]2017-02-26 17:39:22 [RegisterController::add] : 函数处理结束
[INFO]2017-02-26 17:40:14 [RegisterController::add] : 函数处理开始
[INFO]2017-02-26 17:40:14 [RegisterController::add] : 函数处理结束
[INFO]2017-02-26 17:40:20 [AircraftController::index] : 函数处理开始
[INFO]2017-02-26 17:40:20 [AircraftController::index] : 函数处理结束
[INFO]2017-02-26 17:40:21 [AircraftController::add] : 函数处理开始
[INFO]2017-02-26 17:40:21 [AircraftController::add] : 函数处理结束
[INFO]2017-02-26 17:42:52 [AircraftController::add] : 函数处理开始
[INFO]2017-02-26 17:42:52 [AircraftController::add] : 新增航空公司（A-320-214）
[INFO]2017-02-26 17:42:52 [AircraftController::add] : 函数处理结束
[INFO]2017-02-26 17:42:53 [AircraftController::index] : 函数处理开始
[INFO]2017-02-26 17:42:53 [AircraftController::index] : 函数处理结束
[INFO]2017-02-26 17:43:01 [RegisterController::index] : 函数处理开始
[INFO]2017-02-26 17:43:01 [RegisterController::index] : 函数处理结束
[INFO]2017-02-26 17:43:02 [RegisterController::add] : 函数处理开始
[INFO]2017-02-26 17:43:02 [RegisterController::add] : 函数处理结束
[INFO]2017-02-26 17:43:20 [RegisterController::add] : 函数处理开始
[INFO]2017-02-26 17:43:20 [RegisterController::add] : 函数处理结束
[INFO]2017-02-26 17:43:57 [RegisterController::add] : 函数处理开始
[INFO]2017-02-26 17:43:57 [RegisterController::add] : 
[INFO]2017-02-26 17:43:57 [RegisterController::add] : 函数处理结束
[INFO]2017-02-26 17:47:31 [RegisterController::index] : 函数处理开始
[INFO]2017-02-26 17:47:32 [RegisterController::index] : 函数处理结束
[INFO]2017-02-26 17:47:33 [RegisterController::add] : 函数处理开始
[INFO]2017-02-26 17:47:33 [RegisterController::add] : 函数处理结束
[INFO]2017-02-26 17:47:48 [RegisterController::add] : 函数处理开始
[INFO]2017-02-26 17:47:48 [RegisterController::add] : 新增航空公司（）
[INFO]2017-02-26 17:47:48 [RegisterController::add] : 函数处理结束
[INFO]2017-02-26 17:47:49 [RegisterController::index] : 函数处理开始
[INFO]2017-02-26 17:47:49 [RegisterController::index] : 函数处理结束
[INFO]2017-02-26 17:48:48 [RegisterController::index] : 函数处理开始
[INFO]2017-02-26 17:48:48 [RegisterController::index] : 函数处理结束
[INFO]2017-02-26 17:48:52 [FlightController::index] : 函数处理开始
[INFO]2017-02-26 17:48:52 [FlightController::index] : 函数处理结束
[INFO]2017-02-26 17:54:11 [FlightController::save] : 函数处理开始
[INFO]2017-02-26 17:54:12 [FlightController::index] : 函数处理开始
[INFO]2017-02-26 17:54:12 [FlightController::index] : 函数处理结束
[INFO]2017-02-26 17:55:16 [FlightController::save] : 函数处理开始
[INFO]2017-02-26 17:55:50 [FlightController::index] : 函数处理开始
[INFO]2017-02-26 17:55:50 [FlightController::index] : 函数处理结束
[INFO]2017-02-26 17:55:55 [FlightController::save] : 函数处理开始
[INFO]2017-02-26 17:57:03 [FlightController::save] : 函数处理开始
[INFO]2017-02-26 17:57:54 [FlightController::save] : 函数处理开始
[INFO]2017-02-26 17:57:56 [FlightController::index] : 函数处理开始
[INFO]2017-02-26 17:57:56 [FlightController::index] : 函数处理结束
[INFO]2017-02-26 17:58:45 [FlightController::index] : 函数处理开始
[INFO]2017-02-26 17:58:45 [FlightController::index] : 函数处理结束
[INFO]2017-02-26 17:58:47 [TerminalController::index] : 函数处理开始
[INFO]2017-02-26 17:58:47 [TerminalController::index] : 函数处理结束
[INFO]2017-02-26 17:58:52 [AirportController::index] : 函数处理开始
[INFO]2017-02-26 17:58:52 [AirportController::index] : 函数处理结束
[INFO]2017-02-26 18:00:43 [AirportController::index] : 函数处理开始
[INFO]2017-02-26 18:00:43 [AirportController::index] : 函数处理结束
[INFO]2017-02-26 18:00:44 [RegisterController::index] : 函数处理开始
[INFO]2017-02-26 18:00:44 [RegisterController::index] : 函数处理结束
[INFO]2017-02-26 18:00:46 [AircraftController::index] : 函数处理开始
[INFO]2017-02-26 18:00:46 [AircraftController::index] : 函数处理结束
[INFO]2017-02-26 18:00:53 [CompanyController::index] : 函数处理开始
[INFO]2017-02-26 18:00:53 [CompanyController::index] : 函数处理结束
[INFO]2017-02-26 18:02:35 [CompanyController::index] : 函数处理开始
[INFO]2017-02-26 18:02:35 [CompanyController::index] : 函数处理结束
[INFO]2017-02-26 18:02:37 [RegisterController::index] : 函数处理开始
[INFO]2017-02-26 18:02:37 [RegisterController::index] : 函数处理结束
[INFO]2017-02-26 18:02:42 [CompanyController::index] : 函数处理开始
[INFO]2017-02-26 18:02:42 [CompanyController::index] : 函数处理结束
[INFO]2017-02-26 19:14:59 [FlightController::index] : 函数处理开始
[INFO]2017-02-26 19:15:01 [FlightController::index] : 函数处理结束
[INFO]2017-02-26 21:08:19 [FlightController::index] : 函数处理开始
[INFO]2017-02-26 21:08:19 [FlightController::index] : 函数处理结束
[INFO]2017-02-26 21:48:24 [FlightController::index] : 函数处理开始
[INFO]2017-02-26 21:48:26 [FlightController::index] : 函数处理结束
[INFO]2017-02-26 22:07:46 [FlightController::index] : 函数处理开始
[INFO]2017-02-26 22:07:46 [FlightController::index] : 函数处理结束
[INFO]2017-02-26 22:08:16 [FlightController::index] : 函数处理开始
[INFO]2017-02-26 22:08:16 [FlightController::index] : 函数处理结束
[INFO]2017-02-26 22:29:19 [FlightController::index] : 函数处理开始
[INFO]2017-02-26 22:29:20 [FlightController::index] : 函数处理结束
[INFO]2017-02-26 22:31:13 [RegisterController::index] : 函数处理开始
[INFO]2017-02-26 22:31:13 [RegisterController::index] : 函数处理结束
[INFO]2017-02-26 22:31:15 [RegisterController::edit] : 函数处理开始
[INFO]2017-02-26 22:33:11 [RegisterController::index] : 函数处理开始
[INFO]2017-02-26 22:33:11 [RegisterController::index] : 函数处理结束
[INFO]2017-02-26 22:33:12 [RegisterController::edit] : 函数处理开始
[INFO]2017-02-26 22:33:12 [RegisterController::edit] : 函数处理结束
[INFO]2017-02-26 22:33:18 [TerminalController::index] : 函数处理开始
[INFO]2017-02-26 22:33:18 [TerminalController::index] : 函数处理结束
[INFO]2017-02-26 22:33:20 [TerminalController::add] : 函数处理开始
[INFO]2017-02-26 22:33:20 [TerminalController::add] : 函数处理结束
[INFO]2017-02-26 22:33:26 [RegisterController::index] : 函数处理开始
[INFO]2017-02-26 22:33:26 [RegisterController::index] : 函数处理结束
[INFO]2017-02-26 22:33:56 [RegisterController::index] : 函数处理开始
[INFO]2017-02-26 22:33:56 [RegisterController::index] : 函数处理结束
[INFO]2017-02-26 22:33:58 [RegisterController::add] : 函数处理开始
[INFO]2017-02-26 22:33:58 [RegisterController::add] : 函数处理结束
[INFO]2017-02-26 22:34:02 [RegisterController::index] : 函数处理开始
[INFO]2017-02-26 22:34:02 [RegisterController::index] : 函数处理结束
[INFO]2017-02-26 22:34:04 [RegisterController::edit] : 函数处理开始
[INFO]2017-02-26 22:34:04 [RegisterController::edit] : 函数处理结束
[INFO]2017-02-26 22:34:07 [RegisterController::index] : 函数处理开始
[INFO]2017-02-26 22:34:07 [RegisterController::index] : 函数处理结束
[INFO]2017-02-26 22:34:08 [RegisterController::add] : 函数处理开始
[INFO]2017-02-26 22:34:08 [RegisterController::add] : 函数处理结束
[INFO]2017-02-26 22:34:16 [RegisterController::index] : 函数处理开始
[INFO]2017-02-26 22:34:16 [RegisterController::index] : 函数处理结束
[INFO]2017-02-26 22:34:17 [RegisterController::edit] : 函数处理开始
[INFO]2017-02-26 22:34:17 [RegisterController::edit] : 函数处理结束
[INFO]2017-02-26 22:36:38 [RegisterController::index] : 函数处理开始
[INFO]2017-02-26 22:36:38 [RegisterController::index] : 函数处理结束
[INFO]2017-02-26 22:36:39 [RegisterController::add] : 函数处理开始
[INFO]2017-02-26 22:36:39 [RegisterController::add] : 函数处理结束
[INFO]2017-02-26 22:36:43 [RegisterController::index] : 函数处理开始
[INFO]2017-02-26 22:36:43 [RegisterController::index] : 函数处理结束
[INFO]2017-02-26 22:36:45 [RegisterController::edit] : 函数处理开始
[INFO]2017-02-26 22:36:45 [RegisterController::edit] : 函数处理结束
[INFO]2017-02-26 22:37:53 [RegisterController::edit] : 函数处理开始
[INFO]2017-02-26 22:37:53 [RegisterController::edit] : 函数处理结束
[INFO]2017-02-26 22:38:01 [RegisterController::index] : 函数处理开始
[INFO]2017-02-26 22:38:01 [RegisterController::index] : 函数处理结束
[INFO]2017-02-26 22:38:02 [RegisterController::add] : 函数处理开始
[INFO]2017-02-26 22:38:02 [RegisterController::add] : 函数处理结束
[INFO]2017-02-26 22:38:09 [RegisterController::index] : 函数处理开始
[INFO]2017-02-26 22:38:09 [RegisterController::index] : 函数处理结束
[INFO]2017-02-26 22:38:10 [RegisterController::edit] : 函数处理开始
[INFO]2017-02-26 22:38:10 [RegisterController::edit] : 函数处理结束
[INFO]2017-02-26 22:39:51 [RegisterController::edit] : 函数处理开始
[INFO]2017-02-26 22:39:51 [RegisterController::edit] : 函数处理结束
[INFO]2017-02-26 22:39:54 [TerminalController::index] : 函数处理开始
[INFO]2017-02-26 22:39:54 [TerminalController::index] : 函数处理结束
[INFO]2017-02-26 22:40:49 [RegisterController::index] : 函数处理开始
[INFO]2017-02-26 22:40:49 [RegisterController::index] : 函数处理结束
[INFO]2017-02-26 22:40:50 [RegisterController::edit] : 函数处理开始
[INFO]2017-02-26 22:40:50 [RegisterController::edit] : 函数处理结束
[INFO]2017-02-26 22:40:52 [RegisterController::save] : 函数处理开始
[INFO]2017-02-26 22:40:52 [RegisterController::save] : 函数处理结束
[INFO]2017-02-26 22:41:34 [RegisterController::index] : 函数处理开始
[INFO]2017-02-26 22:41:34 [RegisterController::index] : 函数处理结束
[INFO]2017-02-26 22:41:35 [RegisterController::edit] : 函数处理开始
[INFO]2017-02-26 22:41:35 [RegisterController::edit] : 函数处理结束
[INFO]2017-02-26 22:41:38 [RegisterController::save] : 函数处理开始
[INFO]2017-02-26 22:41:38 [RegisterController::save] : 函数处理结束
[INFO]2017-02-26 22:42:05 [RegisterController::save] : 函数处理开始
[INFO]2017-02-26 22:42:05 [RegisterController::edit] : 函数处理开始
[INFO]2017-02-26 22:42:05 [RegisterController::edit] : 函数处理结束
[INFO]2017-02-26 22:42:05 [RegisterController::save] : 函数处理结束
[INFO]2017-02-26 22:42:07 [RegisterController::save] : 函数处理开始
[INFO]2017-02-26 22:42:07 [RegisterController::edit] : 函数处理开始
[INFO]2017-02-26 22:42:07 [RegisterController::edit] : 函数处理结束
[INFO]2017-02-26 22:42:07 [RegisterController::save] : 函数处理结束
[INFO]2017-02-26 22:42:10 [RegisterController::save] : 函数处理开始
[INFO]2017-02-26 22:42:10 [RegisterController::edit] : 函数处理开始
[INFO]2017-02-26 22:42:10 [RegisterController::edit] : 函数处理结束
[INFO]2017-02-26 22:42:10 [RegisterController::save] : 函数处理结束
[INFO]2017-02-26 22:42:13 [RegisterController::index] : 函数处理开始
[INFO]2017-02-26 22:42:13 [RegisterController::index] : 函数处理结束
[INFO]2017-02-26 22:42:15 [RegisterController::edit] : 函数处理开始
[INFO]2017-02-26 22:42:15 [RegisterController::edit] : 函数处理结束
[INFO]2017-02-26 22:42:18 [RegisterController::save] : 函数处理开始
[INFO]2017-02-26 22:42:18 [RegisterController::edit] : 函数处理开始
[INFO]2017-02-26 22:42:18 [RegisterController::edit] : 函数处理结束
[INFO]2017-02-26 22:42:18 [RegisterController::save] : 函数处理结束
[INFO]2017-02-26 22:43:21 [RegisterController::save] : 函数处理开始
[INFO]2017-02-26 22:43:21 [RegisterController::edit] : 函数处理开始
[INFO]2017-02-26 22:43:21 [RegisterController::edit] : 函数处理结束
[INFO]2017-02-26 22:43:21 [RegisterController::save] : 函数处理结束
[INFO]2017-02-26 22:43:22 [RegisterController::save] : 函数处理开始
[INFO]2017-02-26 22:43:22 [RegisterController::edit] : 函数处理开始
[INFO]2017-02-26 22:43:22 [RegisterController::edit] : 函数处理结束
[INFO]2017-02-26 22:43:22 [RegisterController::save] : 函数处理结束
[INFO]2017-02-26 22:43:27 [RegisterController::save] : 函数处理开始
[INFO]2017-02-26 22:43:27 [RegisterController::edit] : 函数处理开始
[INFO]2017-02-26 22:43:27 [RegisterController::edit] : 函数处理结束
[INFO]2017-02-26 22:43:27 [RegisterController::save] : 函数处理结束
[INFO]2017-02-26 22:43:52 [RegisterController::save] : 函数处理开始
[INFO]2017-02-26 22:43:52 [RegisterController::edit] : 函数处理开始
[INFO]2017-02-26 22:43:52 [RegisterController::edit] : 函数处理结束
[INFO]2017-02-26 22:43:52 [RegisterController::save] : 函数处理结束
[INFO]2017-02-26 22:45:36 [RegisterController::save] : 函数处理开始
[INFO]2017-02-26 22:45:36 [RegisterController::edit] : 函数处理开始
[INFO]2017-02-26 22:45:36 [RegisterController::edit] : 函数处理结束
[INFO]2017-02-26 22:45:36 [RegisterController::save] : 函数处理结束
[INFO]2017-02-26 22:46:45 [RegisterController::save] : 函数处理开始
[INFO]2017-02-26 22:46:45 [RegisterController::edit] : 函数处理开始
[INFO]2017-02-26 22:46:45 [RegisterController::edit] : 函数处理结束
[INFO]2017-02-26 22:46:45 [RegisterController::save] : 函数处理结束
[INFO]2017-02-26 22:47:37 [RegisterController::save] : 函数处理开始
[INFO]2017-02-26 22:47:48 [RegisterController::save] : 函数处理开始
[INFO]2017-02-26 22:47:48 [RegisterController::edit] : 函数处理开始
[INFO]2017-02-26 22:47:48 [RegisterController::edit] : 函数处理结束
[INFO]2017-02-26 22:47:48 [RegisterController::save] : 函数处理结束
[INFO]2017-02-26 22:50:26 [RegisterController::save] : 函数处理开始
[INFO]2017-02-26 22:51:41 [RegisterController::save] : 函数处理开始
[INFO]2017-02-26 22:51:59 [RegisterController::save] : 函数处理开始
[INFO]2017-02-26 22:51:59 [RegisterController::edit] : 函数处理开始
[INFO]2017-02-26 22:51:59 [RegisterController::edit] : 函数处理结束
[INFO]2017-02-26 22:51:59 [RegisterController::save] : 函数处理结束
[INFO]2017-02-26 22:52:21 [RegisterController::save] : 函数处理开始
[INFO]2017-02-26 22:52:21 [RegisterController::edit] : 函数处理开始
[INFO]2017-02-26 22:52:21 [RegisterController::edit] : 函数处理结束
[INFO]2017-02-26 22:52:21 [RegisterController::save] : 函数处理结束
[INFO]2017-02-26 22:52:34 [RegisterController::save] : 函数处理开始
[INFO]2017-02-26 22:52:34 [RegisterController::edit] : 函数处理开始
[INFO]2017-02-26 22:52:34 [RegisterController::edit] : 函数处理结束
[INFO]2017-02-26 22:52:34 [RegisterController::save] : 函数处理结束
[INFO]2017-02-26 22:53:58 [RegisterController::index] : 函数处理开始
[INFO]2017-02-26 22:53:58 [RegisterController::index] : 函数处理结束
[INFO]2017-02-26 22:53:59 [RegisterController::edit] : 函数处理开始
[INFO]2017-02-26 22:53:59 [RegisterController::edit] : 函数处理结束
[INFO]2017-02-26 22:54:01 [RegisterController::save] : 函数处理开始
[INFO]2017-02-26 22:54:01 [RegisterController::edit] : 函数处理开始
[INFO]2017-02-26 22:54:01 [RegisterController::edit] : 函数处理结束
[INFO]2017-02-26 22:54:01 [RegisterController::save] : 函数处理结束
[INFO]2017-02-26 22:54:25 [RegisterController::save] : 函数处理开始
[INFO]2017-02-26 22:54:25 [RegisterController::edit] : 函数处理开始
[INFO]2017-02-26 22:54:25 [RegisterController::edit] : 函数处理结束
[INFO]2017-02-26 22:54:25 [RegisterController::save] : 函数处理结束
[INFO]2017-02-26 22:54:30 [RegisterController::save] : 函数处理开始
[INFO]2017-02-26 22:54:30 [RegisterController::edit] : 函数处理开始
[INFO]2017-02-26 22:54:30 [RegisterController::edit] : 函数处理结束
[INFO]2017-02-26 22:54:30 [RegisterController::save] : 函数处理结束
[INFO]2017-02-26 22:54:34 [RegisterController::save] : 函数处理开始
[INFO]2017-02-26 22:54:34 [RegisterController::edit] : 函数处理开始
[INFO]2017-02-26 22:54:34 [RegisterController::edit] : 函数处理结束
[INFO]2017-02-26 22:54:34 [RegisterController::save] : 函数处理结束
[INFO]2017-02-26 22:54:47 [RegisterController::save] : 函数处理开始
[INFO]2017-02-26 22:54:47 [RegisterController::edit] : 函数处理开始
[INFO]2017-02-26 22:54:47 [RegisterController::edit] : 函数处理结束
[INFO]2017-02-26 22:54:47 [RegisterController::save] : 函数处理结束
[INFO]2017-02-26 22:55:09 [RegisterController::save] : 函数处理开始
[INFO]2017-02-26 22:55:09 [RegisterController::edit] : 函数处理开始
[INFO]2017-02-26 22:55:09 [RegisterController::edit] : 函数处理结束
[INFO]2017-02-26 22:55:09 [RegisterController::save] : 函数处理结束
[INFO]2017-02-26 22:55:10 [RegisterController::save] : 函数处理开始
[INFO]2017-02-26 22:55:10 [RegisterController::edit] : 函数处理开始
[INFO]2017-02-26 22:55:10 [RegisterController::edit] : 函数处理结束
[INFO]2017-02-26 22:55:10 [RegisterController::save] : 函数处理结束
[INFO]2017-02-26 22:55:40 [RegisterController::save] : 函数处理开始
[INFO]2017-02-26 22:55:40 [RegisterController::edit] : 函数处理开始
[INFO]2017-02-26 22:55:40 [RegisterController::edit] : 函数处理结束
[INFO]2017-02-26 22:55:40 [RegisterController::save] : 函数处理结束
[INFO]2017-02-26 22:57:14 [RegisterController::index] : 函数处理开始
[INFO]2017-02-26 22:57:14 [RegisterController::index] : 函数处理结束
[INFO]2017-02-26 22:57:15 [RegisterController::edit] : 函数处理开始
[INFO]2017-02-26 22:57:15 [RegisterController::edit] : 函数处理结束
[INFO]2017-02-26 22:57:17 [RegisterController::save] : 函数处理开始
[INFO]2017-02-26 22:57:17 [RegisterController::edit] : 函数处理开始
[INFO]2017-02-26 22:57:17 [RegisterController::edit] : 函数处理结束
[INFO]2017-02-26 22:57:17 [RegisterController::save] : 函数处理结束
[INFO]2017-02-26 22:57:33 [CompanyController::index] : 函数处理开始
[INFO]2017-02-26 22:57:33 [CompanyController::index] : 函数处理结束
[INFO]2017-02-26 22:57:34 [CompanyController::edit] : 函数处理开始
[INFO]2017-02-26 22:57:34 [CompanyController::edit] : 函数处理结束
[INFO]2017-02-26 22:57:36 [CompanyController::save] : 函数处理开始
[INFO]2017-02-26 22:57:36 [CompanyController::save] : 修改航空公司（中国国际航空）
[INFO]2017-02-26 22:57:36 [CompanyController::save] : 函数处理结束
[INFO]2017-02-26 22:57:38 [CompanyController::index] : 函数处理开始
[INFO]2017-02-26 22:57:38 [CompanyController::index] : 函数处理结束
[INFO]2017-02-26 22:57:41 [CompanyController::edit] : 函数处理开始
[INFO]2017-02-26 22:57:41 [CompanyController::edit] : 函数处理结束
[INFO]2017-02-26 22:58:00 [FlightController::index] : 函数处理开始
[INFO]2017-02-26 22:58:00 [FlightController::index] : 函数处理结束
[INFO]2017-02-26 22:59:10 [RegisterController::index] : 函数处理开始
[INFO]2017-02-26 22:59:10 [RegisterController::index] : 函数处理结束
[INFO]2017-02-26 22:59:12 [RegisterController::edit] : 函数处理开始
[INFO]2017-02-26 22:59:12 [RegisterController::edit] : 函数处理结束
[INFO]2017-02-26 22:59:20 [RegisterController::save] : 函数处理开始
[INFO]2017-02-26 22:59:20 [RegisterController::save] : 修改航空公司（）
[INFO]2017-02-26 22:59:20 [RegisterController::edit] : 函数处理开始
[INFO]2017-02-26 22:59:20 [RegisterController::edit] : 函数处理结束
[INFO]2017-02-26 22:59:20 [RegisterController::save] : 函数处理结束
[INFO]2017-02-26 22:59:22 [RegisterController::index] : 函数处理开始
[INFO]2017-02-26 22:59:22 [RegisterController::index] : 函数处理结束
[INFO]2017-02-26 23:00:55 [RegisterController::edit] : 函数处理开始
[INFO]2017-02-26 23:00:55 [RegisterController::edit] : 函数处理结束
[INFO]2017-02-26 23:00:56 [RegisterController::save] : 函数处理开始
[INFO]2017-02-26 23:00:56 [RegisterController::save] : 修改航空公司（）
[INFO]2017-02-26 23:00:56 [RegisterController::edit] : 函数处理开始
[INFO]2017-02-26 23:00:56 [RegisterController::edit] : 函数处理结束
[INFO]2017-02-26 23:00:56 [RegisterController::save] : 函数处理结束
[INFO]2017-02-26 23:00:57 [RegisterController::index] : 函数处理开始
[INFO]2017-02-26 23:00:57 [RegisterController::index] : 函数处理结束
[INFO]2017-02-26 23:03:31 [FlightController::index] : 函数处理开始
[INFO]2017-02-26 23:03:31 [FlightController::index] : 函数处理结束
[INFO]2017-02-26 23:03:35 [FlightController::save] : 函数处理开始
[INFO]2017-02-26 23:03:36 [FlightController::index] : 函数处理开始
[INFO]2017-02-26 23:03:36 [FlightController::index] : 函数处理结束
[INFO]2017-02-26 23:03:38 [RegisterController::index] : 函数处理开始
[INFO]2017-02-26 23:03:38 [RegisterController::index] : 函数处理结束
[INFO]2017-02-26 23:03:39 [RegisterController::edit] : 函数处理开始
[INFO]2017-02-26 23:03:39 [RegisterController::edit] : 函数处理结束
[INFO]2017-02-26 23:03:40 [RegisterController::save] : 函数处理开始
[INFO]2017-02-26 23:03:40 [RegisterController::save] : 修改航空公司（）
[INFO]2017-02-26 23:03:40 [RegisterController::edit] : 函数处理开始
[INFO]2017-02-26 23:03:40 [RegisterController::edit] : 函数处理结束
[INFO]2017-02-26 23:03:40 [RegisterController::save] : 函数处理结束
[INFO]2017-02-26 23:03:41 [RegisterController::index] : 函数处理开始
[INFO]2017-02-26 23:03:41 [RegisterController::index] : 函数处理结束
[INFO]2017-02-26 23:03:48 [CompanyController::index] : 函数处理开始
[INFO]2017-02-26 23:03:48 [CompanyController::index] : 函数处理结束
[INFO]2017-02-26 23:04:01 [FlightController::index] : 函数处理开始
[INFO]2017-02-26 23:04:01 [FlightController::index] : 函数处理结束
