[INFO]2017-02-26 23:10:28 [RegisterController::edit] : 函数处理开始
[INFO]2017-02-26 23:10:39 [FlightController::index] : 函数处理开始
[INFO]2017-02-26 23:11:50 [FlightController::index] : 函数处理开始
[INFO]2017-02-26 23:11:50 [FlightController::index] : 函数处理结束
[INFO]2017-02-26 23:12:04 [FlightController::index] : 函数处理开始
[INFO]2017-02-26 23:12:04 [FlightController::index] : 函数处理结束
[INFO]2017-02-26 23:12:55 [FlightController::index] : 函数处理开始
[INFO]2017-02-26 23:12:55 [FlightController::index] : 函数处理结束
[INFO]2017-02-26 23:12:58 [FlightController::add] : 函数处理开始
[INFO]2017-02-26 23:12:58 [FlightController::add] : 函数处理结束
[INFO]2017-02-26 23:13:00 [CompanyController::index] : 函数处理开始
[INFO]2017-02-26 23:13:00 [CompanyController::index] : 函数处理结束
[INFO]2017-02-26 23:13:02 [CompanyController::edit] : 函数处理开始
[INFO]2017-02-26 23:13:02 [CompanyController::edit] : 函数处理结束
[INFO]2017-02-26 23:13:05 [CompanyController::save] : 函数处理开始
[INFO]2017-02-26 23:13:05 [CompanyController::save] : 修改航空公司（中国国际航空）
[INFO]2017-02-26 23:13:05 [CompanyController::save] : 函数处理结束
[INFO]2017-02-26 23:13:10 [CompanyController::index] : 函数处理开始
[INFO]2017-02-26 23:13:10 [CompanyController::index] : 函数处理结束
[INFO]2017-02-26 23:13:12 [AircraftController::index] : 函数处理开始
[INFO]2017-02-26 23:13:12 [AircraftController::index] : 函数处理结束
[INFO]2017-02-26 23:13:14 [AircraftController::add] : 函数处理开始
[INFO]2017-02-26 23:13:14 [AircraftController::add] : 函数处理结束
[INFO]2017-02-26 23:13:17 [AircraftController::index] : 函数处理开始
[INFO]2017-02-26 23:13:17 [AircraftController::index] : 函数处理结束
[INFO]2017-02-26 23:13:19 [AircraftController::edit] : 函数处理开始
[INFO]2017-02-26 23:13:19 [AircraftController::edit] : 函数处理结束
[INFO]2017-02-26 23:13:24 [AircraftController::save] : 函数处理开始
[INFO]2017-02-26 23:13:24 [AircraftController::save] : 修改航空公司（B-737-800）
[INFO]2017-02-26 23:13:24 [AircraftController::save] : 函数处理结束
[INFO]2017-02-26 23:13:26 [AircraftController::index] : 函数处理开始
[INFO]2017-02-26 23:13:26 [AircraftController::index] : 函数处理结束
[INFO]2017-02-26 23:13:28 [RegisterController::index] : 函数处理开始
[INFO]2017-02-26 23:13:28 [RegisterController::index] : 函数处理结束
[INFO]2017-02-26 23:13:30 [RegisterController::add] : 函数处理开始
[INFO]2017-02-26 23:13:30 [RegisterController::add] : 函数处理结束
[INFO]2017-02-26 23:13:32 [RegisterController::index] : 函数处理开始
[INFO]2017-02-26 23:13:32 [RegisterController::index] : 函数处理结束
[INFO]2017-02-26 23:13:35 [RegisterController::edit] : 函数处理开始
[INFO]2017-02-26 23:13:35 [RegisterController::edit] : 函数处理结束
[INFO]2017-02-26 23:13:37 [RegisterController::save] : 函数处理开始
[INFO]2017-02-26 23:15:21 [RegisterController::index] : 函数处理开始
[INFO]2017-02-26 23:15:21 [RegisterController::index] : 函数处理结束
[INFO]2017-02-26 23:15:23 [RegisterController::edit] : 函数处理开始
[INFO]2017-02-26 23:15:23 [RegisterController::edit] : 函数处理结束
[INFO]2017-02-26 23:15:25 [RegisterController::save] : 函数处理开始
[INFO]2017-02-26 23:15:25 [RegisterController::save] : 修改航空公司（）
[INFO]2017-02-26 23:15:25 [RegisterController::edit] : 函数处理开始
[INFO]2017-02-26 23:15:25 [RegisterController::edit] : 函数处理结束
[INFO]2017-02-26 23:15:25 [RegisterController::save] : 函数处理结束
[INFO]2017-02-26 23:15:27 [RegisterController::index] : 函数处理开始
[INFO]2017-02-26 23:15:27 [RegisterController::index] : 函数处理结束
[INFO]2017-02-26 23:15:42 [RegisterController::edit] : 函数处理开始
[INFO]2017-02-26 23:15:42 [RegisterController::edit] : 函数处理结束
[INFO]2017-02-26 23:15:45 [RegisterController::save] : 函数处理开始
[INFO]2017-02-26 23:15:45 [RegisterController::save] : 修改航空公司（）
[INFO]2017-02-26 23:15:45 [RegisterController::edit] : 函数处理开始
[INFO]2017-02-26 23:15:45 [RegisterController::edit] : 函数处理结束
[INFO]2017-02-26 23:15:45 [RegisterController::save] : 函数处理结束
[INFO]2017-02-26 23:17:11 [RegisterController::index] : 函数处理开始
[INFO]2017-02-26 23:17:11 [RegisterController::index] : 函数处理结束
[INFO]2017-02-26 23:17:14 [RegisterController::edit] : 函数处理开始
[INFO]2017-02-26 23:17:14 [RegisterController::edit] : 函数处理结束
[INFO]2017-02-26 23:17:16 [RegisterController::save] : 函数处理开始
[INFO]2017-02-26 23:17:16 [RegisterController::edit] : 函数处理开始
[INFO]2017-02-26 23:17:16 [RegisterController::edit] : 函数处理结束
[INFO]2017-02-26 23:17:16 [RegisterController::save] : 函数处理结束
[INFO]2017-02-26 23:17:19 [RegisterController::index] : 函数处理开始
[INFO]2017-02-26 23:17:19 [RegisterController::index] : 函数处理结束
[INFO]2017-02-26 23:17:28 [AirportController::index] : 函数处理开始
[INFO]2017-02-26 23:17:28 [AirportController::index] : 函数处理结束
[INFO]2017-02-26 23:17:42 [AirportController::add] : 函数处理开始
[INFO]2017-02-26 23:17:42 [AirportController::add] : 函数处理结束
[INFO]2017-02-26 23:17:45 [AirportController::index] : 函数处理开始
[INFO]2017-02-26 23:17:45 [AirportController::index] : 函数处理结束
[INFO]2017-02-26 23:17:48 [AirportController::edit] : 函数处理开始
[INFO]2017-02-26 23:17:48 [AirportController::edit] : 函数处理结束
[INFO]2017-02-26 23:17:57 [AirportController::save] : 函数处理开始
[INFO]2017-02-26 23:17:57 [AirportController::save] : 修改航空公司（北京首都国际机场）
[INFO]2017-02-26 23:17:57 [AirportController::save] : 函数处理结束
[INFO]2017-02-26 23:18:01 [AirportController::index] : 函数处理开始
[INFO]2017-02-26 23:18:01 [AirportController::index] : 函数处理结束
[INFO]2017-02-26 23:18:12 [TerminalController::index] : 函数处理开始
[INFO]2017-02-26 23:18:12 [TerminalController::index] : 函数处理结束
[INFO]2017-02-26 23:18:15 [TerminalController::add] : 函数处理开始
[INFO]2017-02-26 23:18:15 [TerminalController::add] : 函数处理结束
[INFO]2017-02-26 23:18:17 [TerminalController::index] : 函数处理开始
[INFO]2017-02-26 23:18:17 [TerminalController::index] : 函数处理结束
[INFO]2017-02-26 23:18:19 [TerminalController::edit] : 函数处理开始
[INFO]2017-02-26 23:18:19 [TerminalController::edit] : 函数处理结束
[INFO]2017-02-26 23:18:23 [TerminalController::save] : 函数处理开始
[INFO]2017-02-26 23:18:23 [TerminalController::save] : 修改航空公司（T3航站楼）
[INFO]2017-02-26 23:18:23 [TerminalController::save] : 函数处理结束
[INFO]2017-02-26 23:18:26 [TerminalController::index] : 函数处理开始
[INFO]2017-02-26 23:18:26 [TerminalController::index] : 函数处理结束
[INFO]2017-02-26 23:18:29 [FlightController::index] : 函数处理开始
[INFO]2017-02-26 23:18:29 [FlightController::index] : 函数处理结束
[INFO]2017-02-26 23:18:36 [FlightController::save] : 函数处理开始
[INFO]2017-02-26 23:18:39 [FlightController::index] : 函数处理开始
[INFO]2017-02-26 23:18:39 [FlightController::index] : 函数处理结束
[INFO]2017-02-26 23:18:43 [FlightController::add] : 函数处理开始
[INFO]2017-02-26 23:18:43 [FlightController::add] : 函数处理结束
[INFO]2017-02-26 23:21:03 [CompanyController::index] : 函数处理开始
[INFO]2017-02-26 23:21:03 [CompanyController::index] : 函数处理结束
[INFO]2017-02-26 23:21:18 [CompanyController::edit] : 函数处理开始
[INFO]2017-02-26 23:21:18 [CompanyController::edit] : 函数处理结束
[INFO]2017-02-27 15:22:17 [TerminalController::index] : 函数处理开始
[INFO]2017-02-27 15:22:17 [TerminalController::index] : 函数处理结束
[INFO]2017-03-01 14:30:10 [AircraftController::index] : 函数处理开始
[INFO]2017-03-01 14:30:10 [AircraftController::index] : 函数处理结束
[INFO]2017-03-01 14:30:13 [AircraftController::add] : 函数处理开始
[INFO]2017-03-01 14:30:13 [AircraftController::add] : 函数处理结束
[INFO]2017-03-01 14:32:11 [AircraftController::add] : 函数处理开始
[INFO]2017-03-01 14:32:11 [AircraftController::add] : 新增航空公司（B-777-20A）
[INFO]2017-03-01 14:32:11 [AircraftController::add] : 函数处理结束
[INFO]2017-03-01 14:32:13 [AircraftController::index] : 函数处理开始
[INFO]2017-03-01 14:32:13 [AircraftController::index] : 函数处理结束
[INFO]2017-03-01 14:32:18 [RegisterController::index] : 函数处理开始
[INFO]2017-03-01 14:32:18 [RegisterController::index] : 函数处理结束
[INFO]2017-03-01 14:32:23 [RegisterController::del] : 函数处理开始
[INFO]2017-03-01 14:32:23 [RegisterController::del] : 删除航空公司（1）
[INFO]2017-03-01 14:32:23 [RegisterController::index] : 函数处理开始
[INFO]2017-03-01 14:32:23 [RegisterController::index] : 函数处理结束
[INFO]2017-03-01 14:32:27 [RegisterController::add] : 函数处理开始
[INFO]2017-03-01 14:32:27 [RegisterController::add] : 函数处理结束
[INFO]2017-03-01 14:34:27 [RegisterController::add] : 函数处理开始
[INFO]2017-03-01 14:34:27 [RegisterController::add] : 
[INFO]2017-03-01 14:34:27 [RegisterController::add] : 函数处理结束
[INFO]2017-03-01 14:34:38 [RegisterController::add] : 函数处理开始
[INFO]2017-03-01 14:34:38 [RegisterController::add] : 新增航空公司（）
[INFO]2017-03-01 14:34:38 [RegisterController::add] : 函数处理结束
[INFO]2017-03-01 14:34:40 [RegisterController::index] : 函数处理开始
[INFO]2017-03-01 14:34:40 [RegisterController::index] : 函数处理结束
[INFO]2017-03-01 14:34:46 [FlightController::index] : 函数处理开始
[INFO]2017-03-01 14:34:46 [FlightController::index] : 函数处理结束
[INFO]2017-03-01 14:34:50 [FlightController::del] : 函数处理开始
[INFO]2017-03-01 14:34:50 [FlightController::del] : 删除航空公司（1）
[INFO]2017-03-01 14:34:51 [FlightController::index] : 函数处理开始
[INFO]2017-03-01 14:34:51 [FlightController::index] : 函数处理结束
[INFO]2017-03-01 14:34:52 [FlightController::add] : 函数处理开始
[INFO]2017-03-01 14:34:52 [FlightController::add] : 函数处理结束
[INFO]2017-03-01 14:34:56 [CompanyController::index] : 函数处理开始
[INFO]2017-03-01 14:34:56 [CompanyController::index] : 函数处理结束
[INFO]2017-03-01 14:34:59 [FlightController::index] : 函数处理开始
[INFO]2017-03-01 14:34:59 [FlightController::index] : 函数处理结束
[INFO]2017-03-01 14:35:01 [FlightController::add] : 函数处理开始
[INFO]2017-03-01 14:35:01 [FlightController::add] : 函数处理结束
[INFO]2017-03-01 14:36:09 [AircraftController::index] : 函数处理开始
[INFO]2017-03-01 14:36:09 [AircraftController::index] : 函数处理结束
[INFO]2017-03-01 14:36:16 [RegisterController::index] : 函数处理开始
[INFO]2017-03-01 14:36:16 [RegisterController::index] : 函数处理结束
[INFO]2017-03-01 14:36:17 [RegisterController::add] : 函数处理开始
[INFO]2017-03-01 14:36:17 [RegisterController::add] : 函数处理结束
[INFO]2017-03-01 14:36:52 [RegisterController::add] : 函数处理开始
[INFO]2017-03-01 14:37:38 [RegisterController::index] : 函数处理开始
[INFO]2017-03-01 14:37:38 [RegisterController::index] : 函数处理结束
[INFO]2017-03-01 14:37:40 [RegisterController::add] : 函数处理开始
[INFO]2017-03-01 14:37:40 [RegisterController::add] : 函数处理结束
[INFO]2017-03-01 14:38:08 [RegisterController::add] : 函数处理开始
[INFO]2017-03-01 14:38:08 [RegisterController::add] : 新增航空公司（）
[INFO]2017-03-01 14:38:08 [RegisterController::add] : 函数处理结束
[INFO]2017-03-01 14:38:10 [RegisterController::index] : 函数处理开始
[INFO]2017-03-01 14:38:10 [RegisterController::index] : 函数处理结束
[INFO]2017-03-01 14:38:41 [CompanyController::index] : 函数处理开始
[INFO]2017-03-01 14:38:41 [CompanyController::index] : 函数处理结束
[INFO]2017-03-01 14:39:01 [CompanyController::add] : 函数处理开始
[INFO]2017-03-01 14:39:01 [CompanyController::add] : 函数处理结束
